build/app/intermediates/manifest_merge_blame_file/release/manifest-merger-blame-release-report.txt
1<?xml version="1.0" encoding="utf-8"?>
2<manifest xmlns:android="http://schemas.android.com/apk/res/android"
3    package="com.project.dima"
4    android:versionCode="1"
5    android:versionName="1.0.0" >
6
7    <uses-sdk
8        android:minSdkVersion="23"
8-->src\main\AndroidManifest.xml
9        android:targetSdkVersion="31" />
9-->src\main\AndroidManifest.xml
10
11    <uses-permission android:name="android.permission.CAMERA" />
11-->src\main\AndroidManifest.xml:3:5-64
11-->src\main\AndroidManifest.xml:3:22-62
12    <uses-permission android:name="android.permission.WRITE_EXTERNAL_STORAGE" />
12-->src\main\AndroidManifest.xml:4:5-80
12-->src\main\AndroidManifest.xml:4:22-78
13    <uses-permission android:name="android.permission.INTERNET" />
13-->[:firebase_messaging] AndroidManifest.xml:7:5-67
13-->[:firebase_messaging] AndroidManifest.xml:7:22-64
14    <uses-permission android:name="android.permission.WAKE_LOCK" />
14-->[:firebase_messaging] AndroidManifest.xml:8:5-68
14-->[:firebase_messaging] AndroidManifest.xml:8:22-65
15    <uses-permission android:name="android.permission.ACCESS_NETWORK_STATE" />
15-->[:firebase_messaging] AndroidManifest.xml:9:5-79
15-->[:firebase_messaging] AndroidManifest.xml:9:22-76
16    <uses-permission android:name="android.permission.RECEIVE_BOOT_COMPLETED" />
16-->[:flutter_local_notifications] AndroidManifest.xml:7:5-81
16-->[:flutter_local_notifications] AndroidManifest.xml:7:22-78
17    <uses-permission android:name="android.permission.VIBRATE" />
17-->[:flutter_local_notifications] AndroidManifest.xml:8:5-66
17-->[:flutter_local_notifications] AndroidManifest.xml:8:22-63
18    <uses-permission android:name="android.permission.USE_FULL_SCREEN_INTENT" />
18-->[:flutter_local_notifications] AndroidManifest.xml:9:5-81
18-->[:flutter_local_notifications] AndroidManifest.xml:9:22-78
19    <uses-permission android:name="android.permission.SCHEDULE_EXACT_ALARM" />
19-->[:flutter_local_notifications] AndroidManifest.xml:10:5-79
19-->[:flutter_local_notifications] AndroidManifest.xml:10:22-76
20    <uses-permission android:name="android.permission.READ_EXTERNAL_STORAGE" /> <!-- Required by older versions of Google Play services to create IID tokens -->
20-->[:photo_manager] AndroidManifest.xml:7:5-80
20-->[:photo_manager] AndroidManifest.xml:7:22-77
21    <uses-permission android:name="com.google.android.c2dm.permission.RECEIVE" />
21-->[com.google.firebase:firebase-messaging:23.0.3] AndroidManifest.xml:28:5-82
21-->[com.google.firebase:firebase-messaging:23.0.3] AndroidManifest.xml:28:22-79
22    <uses-permission android:name="com.google.android.finsky.permission.BIND_GET_INSTALL_REFERRER_SERVICE" />
22-->[com.android.installreferrer:installreferrer:1.0] AndroidManifest.xml:9:5-110
22-->[com.android.installreferrer:installreferrer:1.0] AndroidManifest.xml:9:22-107
23
24    <application
25        android:name="android.app.Application"
25-->src\main\AndroidManifest.xml:7:9-42
26        android:appComponentFactory="androidx.core.app.CoreComponentFactory"
26-->[androidx.core:core:1.7.0] AndroidManifest.xml:24:18-86
27        android:extractNativeLibs="false"
28        android:icon="@mipmap/ic_launcher"
28-->src\main\AndroidManifest.xml:8:9-43
29        android:label="dima"
29-->src\main\AndroidManifest.xml:6:9-29
30        android:supportsRtl="true" >
30-->[com.facebook.android:facebook-login:12.1.0] AndroidManifest.xml:28:18-44
31        <activity
31-->src\main\AndroidManifest.xml:9:9-33:20
32            android:name="com.example.dima.MainActivity"
32-->src\main\AndroidManifest.xml:10:13-41
33            android:configChanges="orientation|keyboardHidden|keyboard|screenSize|smallestScreenSize|locale|layoutDirection|fontScale|screenLayout|density|uiMode"
33-->src\main\AndroidManifest.xml:14:13-163
34            android:exported="true"
34-->src\main\AndroidManifest.xml:11:13-36
35            android:hardwareAccelerated="true"
35-->src\main\AndroidManifest.xml:15:13-47
36            android:launchMode="singleTop"
36-->src\main\AndroidManifest.xml:12:13-43
37            android:theme="@style/LaunchTheme"
37-->src\main\AndroidManifest.xml:13:13-47
38            android:windowSoftInputMode="adjustResize" >
38-->src\main\AndroidManifest.xml:16:13-55
39
40            <!--
41                 Specifies an Android theme to apply to this Activity as soon as
42                 the Android process has started. This theme is visible to the user
43                 while the Flutter UI initializes. After that, this theme continues
44                 to determine the Window background behind the Flutter UI.
45            -->
46            <meta-data
46-->src\main\AndroidManifest.xml:21:13-24:17
47                android:name="io.flutter.embedding.android.NormalTheme"
47-->src\main\AndroidManifest.xml:22:15-70
48                android:resource="@style/NormalTheme" />
48-->src\main\AndroidManifest.xml:23:15-52
49            <meta-data
49-->src\main\AndroidManifest.xml:25:13-28:19
50                android:name="com.google.firebase.messaging.default_notification_channel_id"
50-->src\main\AndroidManifest.xml:26:13-89
51                android:value="firebase_channel" />
51-->src\main\AndroidManifest.xml:27:13-45
52
53            <intent-filter>
53-->src\main\AndroidManifest.xml:29:13-32:29
54                <action android:name="android.intent.action.MAIN" />
54-->src\main\AndroidManifest.xml:30:17-68
54-->src\main\AndroidManifest.xml:30:25-66
55
56                <category android:name="android.intent.category.LAUNCHER" />
56-->src\main\AndroidManifest.xml:31:17-76
56-->src\main\AndroidManifest.xml:31:27-74
57            </intent-filter>
58        </activity>
59        <activity
59-->src\main\AndroidManifest.xml:34:9-38:67
60            android:name="com.yalantis.ucrop.UCropActivity"
60-->src\main\AndroidManifest.xml:35:9-56
61            android:exported="true"
61-->src\main\AndroidManifest.xml:36:9-32
62            android:screenOrientation="portrait"
62-->src\main\AndroidManifest.xml:37:9-45
63            android:theme="@style/Theme.AppCompat.Light.NoActionBar" />
63-->src\main\AndroidManifest.xml:38:9-65
64        <!--
65             Don't delete the meta-data below.
66             This is used by the Flutter tool to generate GeneratedPluginRegistrant.java
67        -->
68        <meta-data
68-->src\main\AndroidManifest.xml:41:9-43:33
69            android:name="flutterEmbedding"
69-->src\main\AndroidManifest.xml:42:13-44
70            android:value="2" />
70-->src\main\AndroidManifest.xml:43:13-30
71
72        <service
72-->[:cloud_firestore] AndroidManifest.xml:8:9-12:19
73            android:name="com.google.firebase.components.ComponentDiscoveryService"
73-->[:cloud_firestore] AndroidManifest.xml:8:18-89
74            android:directBootAware="true"
74-->[com.google.firebase:firebase-common:20.1.0] AndroidManifest.xml:35:13-43
75            android:exported="false" >
75-->[com.google.firebase:firebase-messaging:23.0.3] AndroidManifest.xml:54:13-37
76            <meta-data
76-->[:cloud_firestore] AndroidManifest.xml:9:13-11:85
77                android:name="com.google.firebase.components:io.flutter.plugins.firebase.firestore.FlutterFirebaseFirestoreRegistrar"
77-->[:cloud_firestore] AndroidManifest.xml:10:17-134
78                android:value="com.google.firebase.components.ComponentRegistrar" />
78-->[:cloud_firestore] AndroidManifest.xml:11:17-82
79            <meta-data
79-->[:firebase_auth] AndroidManifest.xml:9:13-11:85
80                android:name="com.google.firebase.components:io.flutter.plugins.firebase.auth.FlutterFirebaseAuthRegistrar"
80-->[:firebase_auth] AndroidManifest.xml:10:17-124
81                android:value="com.google.firebase.components.ComponentRegistrar" />
81-->[:firebase_auth] AndroidManifest.xml:11:17-82
82            <meta-data
82-->[:firebase_storage] AndroidManifest.xml:9:13-11:85
83                android:name="com.google.firebase.components:io.flutter.plugins.firebase.storage.FlutterFirebaseAppRegistrar"
83-->[:firebase_storage] AndroidManifest.xml:10:17-126
84                android:value="com.google.firebase.components.ComponentRegistrar" />
84-->[:firebase_storage] AndroidManifest.xml:11:17-82
85            <meta-data
85-->[:firebase_messaging] AndroidManifest.xml:34:13-36:85
86                android:name="com.google.firebase.components:io.flutter.plugins.firebase.messaging.FlutterFirebaseAppRegistrar"
86-->[:firebase_messaging] AndroidManifest.xml:35:17-128
87                android:value="com.google.firebase.components.ComponentRegistrar" />
87-->[:firebase_messaging] AndroidManifest.xml:36:17-82
88            <meta-data
88-->[:firebase_core] AndroidManifest.xml:9:13-11:85
89                android:name="com.google.firebase.components:io.flutter.plugins.firebase.core.FlutterFirebaseCoreRegistrar"
89-->[:firebase_core] AndroidManifest.xml:10:17-124
90                android:value="com.google.firebase.components.ComponentRegistrar" />
90-->[:firebase_core] AndroidManifest.xml:11:17-82
91            <meta-data
91-->[com.google.firebase:firebase-messaging:23.0.3] AndroidManifest.xml:55:13-57:85
92                android:name="com.google.firebase.components:com.google.firebase.messaging.FirebaseMessagingRegistrar"
92-->[com.google.firebase:firebase-messaging:23.0.3] AndroidManifest.xml:56:17-119
93                android:value="com.google.firebase.components.ComponentRegistrar" />
93-->[com.google.firebase:firebase-messaging:23.0.3] AndroidManifest.xml:57:17-82
94            <meta-data
94-->[com.google.firebase:firebase-datatransport:18.1.2] AndroidManifest.xml:28:13-30:85
95                android:name="com.google.firebase.components:com.google.firebase.datatransport.TransportRegistrar"
95-->[com.google.firebase:firebase-datatransport:18.1.2] AndroidManifest.xml:29:17-115
96                android:value="com.google.firebase.components.ComponentRegistrar" />
96-->[com.google.firebase:firebase-datatransport:18.1.2] AndroidManifest.xml:30:17-82
97            <meta-data
97-->[com.google.firebase:firebase-auth:21.0.3] AndroidManifest.xml:67:13-69:85
98                android:name="com.google.firebase.components:com.google.firebase.auth.FirebaseAuthRegistrar"
98-->[com.google.firebase:firebase-auth:21.0.3] AndroidManifest.xml:68:17-109
99                android:value="com.google.firebase.components.ComponentRegistrar" />
99-->[com.google.firebase:firebase-auth:21.0.3] AndroidManifest.xml:69:17-82
100            <meta-data
100-->[com.google.firebase:firebase-firestore:24.1.1] AndroidManifest.xml:20:13-22:85
101                android:name="com.google.firebase.components:com.google.firebase.firestore.FirestoreRegistrar"
101-->[com.google.firebase:firebase-firestore:24.1.1] AndroidManifest.xml:21:17-111
102                android:value="com.google.firebase.components.ComponentRegistrar" />
102-->[com.google.firebase:firebase-firestore:24.1.1] AndroidManifest.xml:22:17-82
103            <meta-data
103-->[com.google.firebase:firebase-storage:20.0.1] AndroidManifest.xml:33:13-35:85
104                android:name="com.google.firebase.components:com.google.firebase.storage.StorageRegistrar"
104-->[com.google.firebase:firebase-storage:20.0.1] AndroidManifest.xml:34:17-107
105                android:value="com.google.firebase.components.ComponentRegistrar" />
105-->[com.google.firebase:firebase-storage:20.0.1] AndroidManifest.xml:35:17-82
106            <meta-data
106-->[com.google.firebase:firebase-installations:17.0.1] AndroidManifest.xml:18:13-20:85
107                android:name="com.google.firebase.components:com.google.firebase.installations.FirebaseInstallationsRegistrar"
107-->[com.google.firebase:firebase-installations:17.0.1] AndroidManifest.xml:19:17-127
108                android:value="com.google.firebase.components.ComponentRegistrar" />
108-->[com.google.firebase:firebase-installations:17.0.1] AndroidManifest.xml:20:17-82
109        </service>
110        <service
110-->[:firebase_messaging] AndroidManifest.xml:12:9-15:72
111            android:name="io.flutter.plugins.firebase.messaging.FlutterFirebaseMessagingBackgroundService"
111-->[:firebase_messaging] AndroidManifest.xml:13:13-107
112            android:exported="false"
112-->[:firebase_messaging] AndroidManifest.xml:14:13-37
113            android:permission="android.permission.BIND_JOB_SERVICE" />
113-->[:firebase_messaging] AndroidManifest.xml:15:13-69
114        <service
114-->[:firebase_messaging] AndroidManifest.xml:16:9-22:19
115            android:name="io.flutter.plugins.firebase.messaging.FlutterFirebaseMessagingService"
115-->[:firebase_messaging] AndroidManifest.xml:17:13-97
116            android:exported="false" >
116-->[:firebase_messaging] AndroidManifest.xml:18:13-37
117            <intent-filter>
117-->[:firebase_messaging] AndroidManifest.xml:19:13-21:29
118                <action android:name="com.google.firebase.MESSAGING_EVENT" />
118-->[:firebase_messaging] AndroidManifest.xml:20:17-78
118-->[:firebase_messaging] AndroidManifest.xml:20:25-75
119            </intent-filter>
120        </service>
121
122        <receiver
122-->[:firebase_messaging] AndroidManifest.xml:24:9-31:20
123            android:name="io.flutter.plugins.firebase.messaging.FlutterFirebaseMessagingReceiver"
123-->[:firebase_messaging] AndroidManifest.xml:25:13-98
124            android:exported="true"
124-->[:firebase_messaging] AndroidManifest.xml:26:13-36
125            android:permission="com.google.android.c2dm.permission.SEND" >
125-->[:firebase_messaging] AndroidManifest.xml:27:13-73
126            <intent-filter>
126-->[:firebase_messaging] AndroidManifest.xml:28:13-30:29
127                <action android:name="com.google.android.c2dm.intent.RECEIVE" />
127-->[:firebase_messaging] AndroidManifest.xml:29:17-81
127-->[:firebase_messaging] AndroidManifest.xml:29:25-78
128            </intent-filter>
129        </receiver>
130
131        <provider
131-->[:firebase_messaging] AndroidManifest.xml:39:9-43:38
132            android:name="io.flutter.plugins.firebase.messaging.FlutterFirebaseMessagingInitProvider"
132-->[:firebase_messaging] AndroidManifest.xml:40:13-102
133            android:authorities="com.project.dima.flutterfirebasemessaginginitprovider"
133-->[:firebase_messaging] AndroidManifest.xml:41:13-88
134            android:exported="false"
134-->[:firebase_messaging] AndroidManifest.xml:42:13-37
135            android:initOrder="99" />
135-->[:firebase_messaging] AndroidManifest.xml:43:13-35
136        <provider
136-->[:image_picker_android] AndroidManifest.xml:8:9-16:20
137            android:name="io.flutter.plugins.imagepicker.ImagePickerFileProvider"
137-->[:image_picker_android] AndroidManifest.xml:9:13-82
138            android:authorities="com.project.dima.flutter.image_provider"
138-->[:image_picker_android] AndroidManifest.xml:10:13-74
139            android:exported="false"
139-->[:image_picker_android] AndroidManifest.xml:11:13-37
140            android:grantUriPermissions="true" >
140-->[:image_picker_android] AndroidManifest.xml:12:13-47
141            <meta-data
141-->[:image_picker_android] AndroidManifest.xml:13:13-15:75
142                android:name="android.support.FILE_PROVIDER_PATHS"
142-->[:image_picker_android] AndroidManifest.xml:14:17-67
143                android:resource="@xml/flutter_image_picker_file_paths" />
143-->[:image_picker_android] AndroidManifest.xml:15:17-72
144        </provider>
145
146        <receiver
146-->[:flutter_local_notifications] AndroidManifest.xml:13:9-15:40
147            android:name="com.dexterous.flutterlocalnotifications.ScheduledNotificationReceiver"
147-->[:flutter_local_notifications] AndroidManifest.xml:14:13-97
148            android:exported="false" />
148-->[:flutter_local_notifications] AndroidManifest.xml:15:13-37
149        <receiver
149-->[:flutter_local_notifications] AndroidManifest.xml:16:9-25:20
150            android:name="com.dexterous.flutterlocalnotifications.ScheduledNotificationBootReceiver"
150-->[:flutter_local_notifications] AndroidManifest.xml:17:13-101
151            android:exported="false" >
151-->[:flutter_local_notifications] AndroidManifest.xml:18:13-37
152            <intent-filter>
152-->[:flutter_local_notifications] AndroidManifest.xml:19:13-24:29
153                <action android:name="android.intent.action.BOOT_COMPLETED" />
153-->[:flutter_local_notifications] AndroidManifest.xml:20:17-79
153-->[:flutter_local_notifications] AndroidManifest.xml:20:25-76
154                <action android:name="android.intent.action.MY_PACKAGE_REPLACED" />
154-->[:flutter_local_notifications] AndroidManifest.xml:21:17-84
154-->[:flutter_local_notifications] AndroidManifest.xml:21:25-81
155                <action android:name="android.intent.action.QUICKBOOT_POWERON" />
155-->[:flutter_local_notifications] AndroidManifest.xml:22:17-82
155-->[:flutter_local_notifications] AndroidManifest.xml:22:25-79
156                <action android:name="com.htc.intent.action.QUICKBOOT_POWERON" />
156-->[:flutter_local_notifications] AndroidManifest.xml:23:17-82
156-->[:flutter_local_notifications] AndroidManifest.xml:23:25-79
157            </intent-filter>
158        </receiver>
159
160        <activity
160-->[:url_launcher_android] AndroidManifest.xml:8:9-11:74
161            android:name="io.flutter.plugins.urllauncher.WebViewActivity"
161-->[:url_launcher_android] AndroidManifest.xml:9:13-74
162            android:exported="false"
162-->[:url_launcher_android] AndroidManifest.xml:10:13-37
163            android:theme="@android:style/Theme.NoTitleBar.Fullscreen" />
163-->[:url_launcher_android] AndroidManifest.xml:11:13-71
164
165        <provider
165-->[:share_plus] AndroidManifest.xml:8:9-16:20
166            android:name="dev.fluttercommunity.plus.share.ShareFileProvider"
166-->[:share_plus] AndroidManifest.xml:9:13-77
167            android:authorities="com.project.dima.flutter.share_provider"
167-->[:share_plus] AndroidManifest.xml:10:13-74
168            android:exported="false"
168-->[:share_plus] AndroidManifest.xml:11:13-37
169            android:grantUriPermissions="true" >
169-->[:share_plus] AndroidManifest.xml:12:13-47
170            <meta-data
170-->[:image_picker_android] AndroidManifest.xml:13:13-15:75
171                android:name="android.support.FILE_PROVIDER_PATHS"
171-->[:image_picker_android] AndroidManifest.xml:14:17-67
172                android:resource="@xml/flutter_share_file_paths" />
172-->[:image_picker_android] AndroidManifest.xml:15:17-72
173        </provider>
174
175        <uses-library
175-->[androidx.window:window:1.0.0-beta04] AndroidManifest.xml:25:9-27:40
176            android:name="androidx.window.extensions"
176-->[androidx.window:window:1.0.0-beta04] AndroidManifest.xml:26:13-54
177            android:required="false" />
177-->[androidx.window:window:1.0.0-beta04] AndroidManifest.xml:27:13-37
178        <uses-library
178-->[androidx.window:window:1.0.0-beta04] AndroidManifest.xml:28:9-30:40
179            android:name="androidx.window.sidecar"
179-->[androidx.window:window:1.0.0-beta04] AndroidManifest.xml:29:13-51
180            android:required="false" />
180-->[androidx.window:window:1.0.0-beta04] AndroidManifest.xml:30:13-37
181
182        <activity
182-->[com.facebook.android:facebook-common:12.1.0] AndroidManifest.xml:30:9-33:66
183            android:name="com.facebook.FacebookActivity"
183-->[com.facebook.android:facebook-common:12.1.0] AndroidManifest.xml:31:13-57
184            android:configChanges="keyboard|keyboardHidden|screenLayout|screenSize|orientation"
184-->[com.facebook.android:facebook-common:12.1.0] AndroidManifest.xml:32:13-96
185            android:theme="@style/com_facebook_activity_theme" />
185-->[com.facebook.android:facebook-common:12.1.0] AndroidManifest.xml:33:13-63
186        <activity android:name="com.facebook.CustomTabMainActivity" />
186-->[com.facebook.android:facebook-common:12.1.0] AndroidManifest.xml:34:9-71
186-->[com.facebook.android:facebook-common:12.1.0] AndroidManifest.xml:34:19-68
187        <activity
187-->[com.facebook.android:facebook-common:12.1.0] AndroidManifest.xml:35:9-49:20
188            android:name="com.facebook.CustomTabActivity"
188-->[com.facebook.android:facebook-common:12.1.0] AndroidManifest.xml:36:13-58
189            android:exported="true" >
189-->[com.facebook.android:facebook-common:12.1.0] AndroidManifest.xml:37:13-36
190            <intent-filter>
190-->[com.facebook.android:facebook-common:12.1.0] AndroidManifest.xml:39:13-48:29
191                <action android:name="android.intent.action.VIEW" />
191-->[com.facebook.android:facebook-common:12.1.0] AndroidManifest.xml:40:17-69
191-->[com.facebook.android:facebook-common:12.1.0] AndroidManifest.xml:40:25-66
192
193                <category android:name="android.intent.category.DEFAULT" />
193-->[com.facebook.android:facebook-common:12.1.0] AndroidManifest.xml:42:17-76
193-->[com.facebook.android:facebook-common:12.1.0] AndroidManifest.xml:42:27-73
194                <category android:name="android.intent.category.BROWSABLE" />
194-->[com.facebook.android:facebook-common:12.1.0] AndroidManifest.xml:43:17-78
194-->[com.facebook.android:facebook-common:12.1.0] AndroidManifest.xml:43:27-75
195
196                <data
196-->[com.facebook.android:facebook-common:12.1.0] AndroidManifest.xml:45:17-47:50
197                    android:host="cct.com.project.dima"
197-->[com.facebook.android:facebook-common:12.1.0] AndroidManifest.xml:46:21-56
198                    android:scheme="fbconnect" />
198-->[com.facebook.android:facebook-common:12.1.0] AndroidManifest.xml:47:21-47
199            </intent-filter>
200        </activity>
201        <!--
202         The initialization ContentProvider will call FacebookSdk.sdkInitialize automatically
203         with the application context. This config is merged in with the host app's manifest,
204         but there can only be one provider with the same authority activated at any given
205         point; so if the end user has two or more different apps that use Facebook SDK, only the
206         first one will be able to use the provider. To work around this problem, we use the
207         following placeholder in the authority to identify each host application as if it was
208         a completely different provider.
209        -->
210        <provider
210-->[com.facebook.android:facebook-core:12.1.0] AndroidManifest.xml:39:9-42:40
211            android:name="com.facebook.internal.FacebookInitProvider"
211-->[com.facebook.android:facebook-core:12.1.0] AndroidManifest.xml:40:13-70
212            android:authorities="com.project.dima.FacebookInitProvider"
212-->[com.facebook.android:facebook-core:12.1.0] AndroidManifest.xml:41:13-72
213            android:exported="false" />
213-->[com.facebook.android:facebook-core:12.1.0] AndroidManifest.xml:42:13-37
214
215        <receiver
215-->[com.facebook.android:facebook-core:12.1.0] AndroidManifest.xml:44:9-50:20
216            android:name="com.facebook.CurrentAccessTokenExpirationBroadcastReceiver"
216-->[com.facebook.android:facebook-core:12.1.0] AndroidManifest.xml:45:13-86
217            android:exported="false" >
217-->[com.facebook.android:facebook-core:12.1.0] AndroidManifest.xml:46:13-37
218            <intent-filter>
218-->[com.facebook.android:facebook-core:12.1.0] AndroidManifest.xml:47:13-49:29
219                <action android:name="com.facebook.sdk.ACTION_CURRENT_ACCESS_TOKEN_CHANGED" />
219-->[com.facebook.android:facebook-core:12.1.0] AndroidManifest.xml:48:17-95
219-->[com.facebook.android:facebook-core:12.1.0] AndroidManifest.xml:48:25-92
220            </intent-filter>
221        </receiver>
222        <receiver
222-->[com.facebook.android:facebook-core:12.1.0] AndroidManifest.xml:51:9-57:20
223            android:name="com.facebook.AuthenticationTokenManager$CurrentAuthenticationTokenChangedBroadcastReceiver"
223-->[com.facebook.android:facebook-core:12.1.0] AndroidManifest.xml:52:13-118
224            android:exported="false" >
224-->[com.facebook.android:facebook-core:12.1.0] AndroidManifest.xml:53:13-37
225            <intent-filter>
225-->[com.facebook.android:facebook-core:12.1.0] AndroidManifest.xml:54:13-56:29
226                <action android:name="com.facebook.sdk.ACTION_CURRENT_AUTHENTICATION_TOKEN_CHANGED" />
226-->[com.facebook.android:facebook-core:12.1.0] AndroidManifest.xml:55:17-103
226-->[com.facebook.android:facebook-core:12.1.0] AndroidManifest.xml:55:25-100
227            </intent-filter>
228        </receiver>
229        <receiver
229-->[com.google.firebase:firebase-messaging:23.0.3] AndroidManifest.xml:31:9-38:20
230            android:name="com.google.firebase.iid.FirebaseInstanceIdReceiver"
230-->[com.google.firebase:firebase-messaging:23.0.3] AndroidManifest.xml:32:13-78
231            android:exported="true"
231-->[com.google.firebase:firebase-messaging:23.0.3] AndroidManifest.xml:33:13-36
232            android:permission="com.google.android.c2dm.permission.SEND" >
232-->[com.google.firebase:firebase-messaging:23.0.3] AndroidManifest.xml:34:13-73
233            <intent-filter>
233-->[:firebase_messaging] AndroidManifest.xml:28:13-30:29
234                <action android:name="com.google.android.c2dm.intent.RECEIVE" />
234-->[:firebase_messaging] AndroidManifest.xml:29:17-81
234-->[:firebase_messaging] AndroidManifest.xml:29:25-78
235            </intent-filter>
236        </receiver>
237        <!--
238             FirebaseMessagingService performs security checks at runtime,
239             but set to not exported to explicitly avoid allowing another app to call it.
240        -->
241        <service
241-->[com.google.firebase:firebase-messaging:23.0.3] AndroidManifest.xml:44:9-51:19
242            android:name="com.google.firebase.messaging.FirebaseMessagingService"
242-->[com.google.firebase:firebase-messaging:23.0.3] AndroidManifest.xml:45:13-82
243            android:directBootAware="true"
243-->[com.google.firebase:firebase-messaging:23.0.3] AndroidManifest.xml:46:13-43
244            android:exported="false" >
244-->[com.google.firebase:firebase-messaging:23.0.3] AndroidManifest.xml:47:13-37
245            <intent-filter android:priority="-500" >
245-->[:firebase_messaging] AndroidManifest.xml:19:13-21:29
246                <action android:name="com.google.firebase.MESSAGING_EVENT" />
246-->[:firebase_messaging] AndroidManifest.xml:20:17-78
246-->[:firebase_messaging] AndroidManifest.xml:20:25-75
247            </intent-filter>
248        </service>
249        <service
249-->[com.google.android.datatransport:transport-backend-cct:3.1.3] AndroidManifest.xml:29:9-35:19
250            android:name="com.google.android.datatransport.runtime.backends.TransportBackendDiscovery"
250-->[com.google.android.datatransport:transport-backend-cct:3.1.3] AndroidManifest.xml:30:13-103
251            android:exported="false" >
251-->[com.google.android.datatransport:transport-backend-cct:3.1.3] AndroidManifest.xml:31:13-37
252            <meta-data
252-->[com.google.android.datatransport:transport-backend-cct:3.1.3] AndroidManifest.xml:32:13-34:39
253                android:name="backend:com.google.android.datatransport.cct.CctBackendFactory"
253-->[com.google.android.datatransport:transport-backend-cct:3.1.3] AndroidManifest.xml:33:17-94
254                android:value="cct" />
254-->[com.google.android.datatransport:transport-backend-cct:3.1.3] AndroidManifest.xml:34:17-36
255        </service>
256        <service
256-->[com.google.android.datatransport:transport-runtime:3.1.3] AndroidManifest.xml:26:9-30:19
257            android:name="com.google.android.datatransport.runtime.scheduling.jobscheduling.JobInfoSchedulerService"
257-->[com.google.android.datatransport:transport-runtime:3.1.3] AndroidManifest.xml:27:13-117
258            android:exported="false"
258-->[com.google.android.datatransport:transport-runtime:3.1.3] AndroidManifest.xml:28:13-37
259            android:permission="android.permission.BIND_JOB_SERVICE" >
259-->[com.google.android.datatransport:transport-runtime:3.1.3] AndroidManifest.xml:29:13-69
260        </service>
261
262        <receiver
262-->[com.google.android.datatransport:transport-runtime:3.1.3] AndroidManifest.xml:32:9-34:40
263            android:name="com.google.android.datatransport.runtime.scheduling.jobscheduling.AlarmManagerSchedulerBroadcastReceiver"
263-->[com.google.android.datatransport:transport-runtime:3.1.3] AndroidManifest.xml:33:13-132
264            android:exported="false" />
264-->[com.google.android.datatransport:transport-runtime:3.1.3] AndroidManifest.xml:34:13-37
265
266        <activity
266-->[com.google.firebase:firebase-auth:21.0.3] AndroidManifest.xml:27:9-44:20
267            android:name="com.google.firebase.auth.internal.GenericIdpActivity"
267-->[com.google.firebase:firebase-auth:21.0.3] AndroidManifest.xml:28:13-80
268            android:excludeFromRecents="true"
268-->[com.google.firebase:firebase-auth:21.0.3] AndroidManifest.xml:29:13-46
269            android:exported="true"
269-->[com.google.firebase:firebase-auth:21.0.3] AndroidManifest.xml:30:13-36
270            android:launchMode="singleTask"
270-->[com.google.firebase:firebase-auth:21.0.3] AndroidManifest.xml:31:13-44
271            android:theme="@android:style/Theme.Translucent.NoTitleBar" >
271-->[com.google.firebase:firebase-auth:21.0.3] AndroidManifest.xml:32:13-72
272            <intent-filter>
272-->[com.google.firebase:firebase-auth:21.0.3] AndroidManifest.xml:33:13-43:29
273                <action android:name="android.intent.action.VIEW" />
273-->[com.facebook.android:facebook-common:12.1.0] AndroidManifest.xml:40:17-69
273-->[com.facebook.android:facebook-common:12.1.0] AndroidManifest.xml:40:25-66
274
275                <category android:name="android.intent.category.DEFAULT" />
275-->[com.facebook.android:facebook-common:12.1.0] AndroidManifest.xml:42:17-76